2022-11-16 14:51:00,666:INFO:PyCaret Supervised Module
2022-11-16 14:51:00,667:INFO:ML Usecase: regression
2022-11-16 14:51:00,668:INFO:version 2.3.5
2022-11-16 14:51:00,669:INFO:Initializing setup()
2022-11-16 14:51:00,669:INFO:setup(target=charges, ml_usecase=regression, available_plots={'parameter': 'Hyperparameters', 'residuals': 'Residuals', 'error': 'Prediction Error', 'cooks': 'Cooks Distance', 'rfe': 'Feature Selection', 'learning': 'Learning Curve', 'manifold': 'Manifold Learning', 'vc': 'Validation Curve', 'feature': 'Feature Importance', 'feature_all': 'Feature Importance (All)', 'tree': 'Decision Tree', 'residuals_interactive': 'Interactive Residuals'}, train_size=0.7, test_data=None, preprocess=True, imputation_type=simple, iterative_imputation_iters=5, categorical_features=None, categorical_imputation=constant, categorical_iterative_imputer=lightgbm, ordinal_features=None, high_cardinality_features=None, high_cardinality_method=frequency, numeric_features=None, numeric_imputation=mean, numeric_iterative_imputer=lightgbm, date_features=None, ignore_features=None, normalize=False, normalize_method=zscore, transformation=False, transformation_method=yeo-johnson, handle_unknown_categorical=True, unknown_categorical_method=least_frequent, pca=False, pca_method=linear, pca_components=None, ignore_low_variance=False, combine_rare_levels=False, rare_level_threshold=0.1, bin_numeric_features=None, remove_outliers=False, outliers_threshold=0.05, remove_multicollinearity=False, multicollinearity_threshold=0.9, remove_perfect_collinearity=True, create_clusters=False, cluster_iter=20, polynomial_features=False, polynomial_degree=2, trigonometry_features=False, polynomial_threshold=0.1, group_features=None, group_names=None, feature_selection=False, feature_selection_threshold=0.8, feature_selection_method=classic, feature_interaction=False, feature_ratio=False, interaction_threshold=0.01, fix_imbalance=False, fix_imbalance_method=None, transform_target=False, transform_target_method=box-cox, data_split_shuffle=True, data_split_stratify=False, fold_strategy=kfold, fold=10, fold_shuffle=False, fold_groups=None, n_jobs=-1, use_gpu=False, custom_pipeline=None, html=True, session_id=None, log_experiment=False, experiment_name=None, log_plots=False, log_profile=False, log_data=False, silent=False, verbose=True, profile=False, profile_kwargs=None, display=None)
2022-11-16 14:51:00,669:INFO:Checking environment
2022-11-16 14:51:00,669:INFO:python_version: 3.7.15
2022-11-16 14:51:00,669:INFO:python_build: ('default', 'Nov  7 2022 22:00:21')
2022-11-16 14:51:00,669:INFO:machine: x86_64
2022-11-16 14:51:00,671:INFO:platform: Linux-5.4.0-58-generic-x86_64-with-debian-bullseye-sid
2022-11-16 14:51:00,672:INFO:Memory: svmem(total=8129552384, available=2361548800, percent=71.0, used=5232680960, free=2099445760, active=2228678656, inactive=651259904, buffers=69185536, cached=728240128, shared=254988288, slab=1668161536)
2022-11-16 14:51:00,673:INFO:Physical Core: 2
2022-11-16 14:51:00,673:INFO:Logical Core: 4
2022-11-16 14:51:00,673:INFO:Checking libraries
2022-11-16 14:51:00,674:INFO:pd==1.3.5
2022-11-16 14:51:00,674:INFO:numpy==1.21.5
2022-11-16 14:51:00,674:INFO:sklearn==1.0.2
2022-11-16 14:52:28,806:INFO:PyCaret Supervised Module
2022-11-16 14:52:28,807:INFO:ML Usecase: regression
2022-11-16 14:52:28,807:INFO:version 2.3.5
2022-11-16 14:52:28,807:INFO:Initializing setup()
2022-11-16 14:52:28,807:INFO:setup(target=charges, ml_usecase=regression, available_plots={'parameter': 'Hyperparameters', 'residuals': 'Residuals', 'error': 'Prediction Error', 'cooks': 'Cooks Distance', 'rfe': 'Feature Selection', 'learning': 'Learning Curve', 'manifold': 'Manifold Learning', 'vc': 'Validation Curve', 'feature': 'Feature Importance', 'feature_all': 'Feature Importance (All)', 'tree': 'Decision Tree', 'residuals_interactive': 'Interactive Residuals'}, train_size=0.7, test_data=None, preprocess=True, imputation_type=simple, iterative_imputation_iters=5, categorical_features=None, categorical_imputation=constant, categorical_iterative_imputer=lightgbm, ordinal_features=None, high_cardinality_features=None, high_cardinality_method=frequency, numeric_features=None, numeric_imputation=mean, numeric_iterative_imputer=lightgbm, date_features=None, ignore_features=None, normalize=False, normalize_method=zscore, transformation=False, transformation_method=yeo-johnson, handle_unknown_categorical=True, unknown_categorical_method=least_frequent, pca=False, pca_method=linear, pca_components=None, ignore_low_variance=False, combine_rare_levels=False, rare_level_threshold=0.1, bin_numeric_features=None, remove_outliers=False, outliers_threshold=0.05, remove_multicollinearity=False, multicollinearity_threshold=0.9, remove_perfect_collinearity=True, create_clusters=False, cluster_iter=20, polynomial_features=False, polynomial_degree=2, trigonometry_features=False, polynomial_threshold=0.1, group_features=None, group_names=None, feature_selection=False, feature_selection_threshold=0.8, feature_selection_method=classic, feature_interaction=False, feature_ratio=False, interaction_threshold=0.01, fix_imbalance=False, fix_imbalance_method=None, transform_target=False, transform_target_method=box-cox, data_split_shuffle=True, data_split_stratify=False, fold_strategy=kfold, fold=10, fold_shuffle=False, fold_groups=None, n_jobs=-1, use_gpu=False, custom_pipeline=None, html=True, session_id=None, log_experiment=False, experiment_name=None, log_plots=False, log_profile=False, log_data=False, silent=False, verbose=True, profile=False, profile_kwargs=None, display=None)
2022-11-16 14:52:28,807:INFO:Checking environment
2022-11-16 14:52:28,807:INFO:python_version: 3.7.15
2022-11-16 14:52:28,808:INFO:python_build: ('default', 'Nov  7 2022 22:00:21')
2022-11-16 14:52:28,808:INFO:machine: x86_64
2022-11-16 14:52:28,813:INFO:platform: Linux-5.4.0-58-generic-x86_64-with-debian-bullseye-sid
2022-11-16 14:52:28,814:INFO:Memory: svmem(total=8129552384, available=2279895040, percent=72.0, used=5316362240, free=1998135296, active=1929605120, inactive=515403776, buffers=70098944, cached=744955904, shared=252940288, slab=1674158080)
2022-11-16 14:52:28,814:INFO:Physical Core: 2
2022-11-16 14:52:28,814:INFO:Logical Core: 4
2022-11-16 14:52:28,814:INFO:Checking libraries
2022-11-16 14:52:28,814:INFO:pd==1.3.5
2022-11-16 14:52:28,814:INFO:numpy==1.21.5
2022-11-16 14:52:28,815:INFO:sklearn==1.0.2
2022-11-16 14:52:31,154:INFO:PyCaret Supervised Module
2022-11-16 14:52:31,157:INFO:ML Usecase: regression
2022-11-16 14:52:31,157:INFO:version 2.3.5
2022-11-16 14:52:31,157:INFO:Initializing setup()
2022-11-16 14:52:31,157:INFO:setup(target=charges, ml_usecase=regression, available_plots={'parameter': 'Hyperparameters', 'residuals': 'Residuals', 'error': 'Prediction Error', 'cooks': 'Cooks Distance', 'rfe': 'Feature Selection', 'learning': 'Learning Curve', 'manifold': 'Manifold Learning', 'vc': 'Validation Curve', 'feature': 'Feature Importance', 'feature_all': 'Feature Importance (All)', 'tree': 'Decision Tree', 'residuals_interactive': 'Interactive Residuals'}, train_size=0.7, test_data=None, preprocess=True, imputation_type=simple, iterative_imputation_iters=5, categorical_features=None, categorical_imputation=constant, categorical_iterative_imputer=lightgbm, ordinal_features=None, high_cardinality_features=None, high_cardinality_method=frequency, numeric_features=None, numeric_imputation=mean, numeric_iterative_imputer=lightgbm, date_features=None, ignore_features=None, normalize=False, normalize_method=zscore, transformation=False, transformation_method=yeo-johnson, handle_unknown_categorical=True, unknown_categorical_method=least_frequent, pca=False, pca_method=linear, pca_components=None, ignore_low_variance=False, combine_rare_levels=False, rare_level_threshold=0.1, bin_numeric_features=None, remove_outliers=False, outliers_threshold=0.05, remove_multicollinearity=False, multicollinearity_threshold=0.9, remove_perfect_collinearity=True, create_clusters=False, cluster_iter=20, polynomial_features=False, polynomial_degree=2, trigonometry_features=False, polynomial_threshold=0.1, group_features=None, group_names=None, feature_selection=False, feature_selection_threshold=0.8, feature_selection_method=classic, feature_interaction=False, feature_ratio=False, interaction_threshold=0.01, fix_imbalance=False, fix_imbalance_method=None, transform_target=False, transform_target_method=box-cox, data_split_shuffle=True, data_split_stratify=False, fold_strategy=kfold, fold=10, fold_shuffle=False, fold_groups=None, n_jobs=-1, use_gpu=False, custom_pipeline=None, html=True, session_id=None, log_experiment=False, experiment_name=None, log_plots=False, log_profile=False, log_data=False, silent=False, verbose=True, profile=False, profile_kwargs=None, display=None)
2022-11-16 14:52:31,158:INFO:Checking environment
2022-11-16 14:52:31,158:INFO:python_version: 3.7.15
2022-11-16 14:52:31,158:INFO:python_build: ('default', 'Nov  7 2022 22:00:21')
2022-11-16 14:52:31,158:INFO:machine: x86_64
2022-11-16 14:52:31,158:INFO:platform: Linux-5.4.0-58-generic-x86_64-with-debian-bullseye-sid
2022-11-16 14:52:31,159:INFO:Memory: svmem(total=8129552384, available=2287239168, percent=71.9, used=5310676992, free=2005479424, active=1928265728, inactive=513777664, buffers=70098944, cached=743297024, shared=251256832, slab=1674248192)
2022-11-16 14:52:31,160:INFO:Physical Core: 2
2022-11-16 14:52:31,160:INFO:Logical Core: 4
2022-11-16 14:52:31,160:INFO:Checking libraries
2022-11-16 14:52:31,160:INFO:pd==1.3.5
2022-11-16 14:52:31,160:INFO:numpy==1.21.5
2022-11-16 14:52:31,160:INFO:sklearn==1.0.2
2022-11-16 14:54:26,393:INFO:PyCaret Supervised Module
2022-11-16 14:54:26,393:INFO:ML Usecase: regression
2022-11-16 14:54:26,394:INFO:version 2.3.5
2022-11-16 14:54:26,394:INFO:Initializing setup()
2022-11-16 14:54:26,395:INFO:setup(target=charges, ml_usecase=regression, available_plots={'parameter': 'Hyperparameters', 'residuals': 'Residuals', 'error': 'Prediction Error', 'cooks': 'Cooks Distance', 'rfe': 'Feature Selection', 'learning': 'Learning Curve', 'manifold': 'Manifold Learning', 'vc': 'Validation Curve', 'feature': 'Feature Importance', 'feature_all': 'Feature Importance (All)', 'tree': 'Decision Tree', 'residuals_interactive': 'Interactive Residuals'}, train_size=0.7, test_data=None, preprocess=True, imputation_type=simple, iterative_imputation_iters=5, categorical_features=None, categorical_imputation=constant, categorical_iterative_imputer=lightgbm, ordinal_features=None, high_cardinality_features=None, high_cardinality_method=frequency, numeric_features=None, numeric_imputation=mean, numeric_iterative_imputer=lightgbm, date_features=None, ignore_features=None, normalize=False, normalize_method=zscore, transformation=False, transformation_method=yeo-johnson, handle_unknown_categorical=True, unknown_categorical_method=least_frequent, pca=False, pca_method=linear, pca_components=None, ignore_low_variance=False, combine_rare_levels=False, rare_level_threshold=0.1, bin_numeric_features=None, remove_outliers=False, outliers_threshold=0.05, remove_multicollinearity=False, multicollinearity_threshold=0.9, remove_perfect_collinearity=True, create_clusters=False, cluster_iter=20, polynomial_features=False, polynomial_degree=2, trigonometry_features=False, polynomial_threshold=0.1, group_features=None, group_names=None, feature_selection=False, feature_selection_threshold=0.8, feature_selection_method=classic, feature_interaction=False, feature_ratio=False, interaction_threshold=0.01, fix_imbalance=False, fix_imbalance_method=None, transform_target=False, transform_target_method=box-cox, data_split_shuffle=True, data_split_stratify=False, fold_strategy=kfold, fold=10, fold_shuffle=False, fold_groups=None, n_jobs=-1, use_gpu=False, custom_pipeline=None, html=True, session_id=None, log_experiment=False, experiment_name=None, log_plots=False, log_profile=False, log_data=False, silent=False, verbose=True, profile=False, profile_kwargs=None, display=None)
2022-11-16 14:54:26,395:INFO:Checking environment
2022-11-16 14:54:26,395:INFO:python_version: 3.7.15
2022-11-16 14:54:26,396:INFO:python_build: ('default', 'Nov  7 2022 22:00:21')
2022-11-16 14:54:26,396:INFO:machine: x86_64
2022-11-16 14:54:26,396:INFO:platform: Linux-5.4.0-58-generic-x86_64-with-debian-bullseye-sid
2022-11-16 14:54:26,397:INFO:Memory: svmem(total=8129552384, available=2349527040, percent=71.1, used=5256318976, free=2064490496, active=1893928960, inactive=512720896, buffers=70791168, cached=737951744, shared=243978240, slab=1674457088)
2022-11-16 14:54:26,408:INFO:Physical Core: 2
2022-11-16 14:54:26,408:INFO:Logical Core: 4
2022-11-16 14:54:26,409:INFO:Checking libraries
2022-11-16 14:54:26,409:INFO:pd==1.3.5
2022-11-16 14:54:26,410:INFO:numpy==1.21.5
2022-11-16 14:54:26,410:INFO:sklearn==1.0.2
2022-11-16 14:55:26,366:INFO:PyCaret Supervised Module
2022-11-16 14:55:26,366:INFO:ML Usecase: regression
2022-11-16 14:55:26,367:INFO:version 2.3.5
2022-11-16 14:55:26,367:INFO:Initializing setup()
2022-11-16 14:55:26,367:INFO:setup(target=charges, ml_usecase=regression, available_plots={'parameter': 'Hyperparameters', 'residuals': 'Residuals', 'error': 'Prediction Error', 'cooks': 'Cooks Distance', 'rfe': 'Feature Selection', 'learning': 'Learning Curve', 'manifold': 'Manifold Learning', 'vc': 'Validation Curve', 'feature': 'Feature Importance', 'feature_all': 'Feature Importance (All)', 'tree': 'Decision Tree', 'residuals_interactive': 'Interactive Residuals'}, train_size=0.7, test_data=None, preprocess=True, imputation_type=simple, iterative_imputation_iters=5, categorical_features=None, categorical_imputation=constant, categorical_iterative_imputer=lightgbm, ordinal_features=None, high_cardinality_features=None, high_cardinality_method=frequency, numeric_features=None, numeric_imputation=mean, numeric_iterative_imputer=lightgbm, date_features=None, ignore_features=None, normalize=False, normalize_method=zscore, transformation=False, transformation_method=yeo-johnson, handle_unknown_categorical=True, unknown_categorical_method=least_frequent, pca=False, pca_method=linear, pca_components=None, ignore_low_variance=False, combine_rare_levels=False, rare_level_threshold=0.1, bin_numeric_features=None, remove_outliers=False, outliers_threshold=0.05, remove_multicollinearity=False, multicollinearity_threshold=0.9, remove_perfect_collinearity=True, create_clusters=False, cluster_iter=20, polynomial_features=False, polynomial_degree=2, trigonometry_features=False, polynomial_threshold=0.1, group_features=None, group_names=None, feature_selection=False, feature_selection_threshold=0.8, feature_selection_method=classic, feature_interaction=False, feature_ratio=False, interaction_threshold=0.01, fix_imbalance=False, fix_imbalance_method=None, transform_target=False, transform_target_method=box-cox, data_split_shuffle=True, data_split_stratify=False, fold_strategy=kfold, fold=10, fold_shuffle=False, fold_groups=None, n_jobs=-1, use_gpu=False, custom_pipeline=None, html=True, session_id=None, log_experiment=False, experiment_name=None, log_plots=False, log_profile=False, log_data=False, silent=False, verbose=True, profile=False, profile_kwargs=None, display=None)
2022-11-16 14:55:26,367:INFO:Checking environment
2022-11-16 14:55:26,367:INFO:python_version: 3.7.15
2022-11-16 14:55:26,367:INFO:python_build: ('default', 'Nov  7 2022 22:00:21')
2022-11-16 14:55:26,367:INFO:machine: x86_64
2022-11-16 14:55:26,368:INFO:platform: Linux-5.4.0-58-generic-x86_64-with-debian-bullseye-sid
2022-11-16 14:55:26,368:INFO:Memory: svmem(total=8129552384, available=1959239680, percent=75.9, used=5584846848, free=1565528064, active=2179584000, inactive=530321408, buffers=70860800, cached=908316672, shared=305410048, slab=1684025344)
2022-11-16 14:55:26,369:INFO:Physical Core: 2
2022-11-16 14:55:26,369:INFO:Logical Core: 4
2022-11-16 14:55:26,369:INFO:Checking libraries
2022-11-16 14:55:26,369:INFO:pd==1.3.5
2022-11-16 14:55:26,369:INFO:numpy==1.21.5
2022-11-16 14:55:26,370:INFO:sklearn==1.0.2
